[2023/5/2 - 0:15:15] Jayceon Santos ha editado la DoorID 15 - Exterior.
[2023/5/2 - 0:15:28] Jayceon Santos ha editado la DoorID 15 - PickupModel.
[2023/5/2 - 0:16:0] Jayceon Santos ha editado la DoorID 15 - PickupModel.
[2023/5/2 - 0:16:12] Jayceon Santos ha editado la DoorID 15 - Exterior.
[2023/5/2 - 0:16:21] Jayceon Santos ha editado la DoorID 15 - Exterior.
[2023/5/2 - 0:17:1] Jayceon Santos editó la DoorID 15 - nombre a Sede FBI.
[2023/5/2 - 0:17:20] Jayceon Santos editó la DoorID 15 - nombre a Central FBI.
[2023/5/2 - 15:10:28] Jayceon Santos a borrado DoorID 51.
[2023/5/4 - 16:27:59] Jayceon Santos a borrado DoorID 10.
[2023/5/5 - 0:52:14] Jayceon Santos a borrado DoorID 9.
[2023/5/5 - 19:40:6] Jayceon Santos ha editado la DoorID 11 - Familia.
[2023/5/7 - 17:37:41] Jayceon Santos a borrado DoorID 16.
[2023/5/7 - 17:37:54] Jayceon Santos ha editado la DoorID 16 - Exterior.
[2023/5/7 - 17:38:17] Jayceon Santos editó la DoorID 16 - nombre a Prisión de Los Santos.
[2023/5/7 - 17:38:30] Jayceon Santos ha editado la DoorID 16 - Color.
[2023/5/7 - 17:38:48] Jayceon Santos ha editado la DoorID 16 - PickupModel.
[2023/5/7 - 17:45:31] Jayceon Santos ha editado la DoorID 16 - Interior
[2023/5/7 - 18:44:39] Jayceon Santos ha editado la DoorID 16 - Exterior.
[2023/5/7 - 18:58:28] Jayceon Santos ha editado la DoorID 16 - Exterior.
[2023/5/7 - 19:8:36] Jayceon Santos ha editado la DoorID 16 - Exterior.
[2023/5/8 - 16:35:5] Jayceon Santos ha editado la DoorID 16 - Exterior.
[2023/5/8 - 16:35:13] Jayceon Santos ha editado la DoorID 16 - Exterior.
[2023/5/8 - 16:35:19] Jayceon Santos ha editado la DoorID 16 - Exterior.
[2023/5/8 - 16:51:36] Jayceon Santos ha editado la DoorID 16 - Interior
[2023/5/9 - 17:33:35] Jayceon Santos ha editado la DoorID 9 - Interior
[2023/5/9 - 17:34:6] Jayceon Santos ha editado la DoorID 9 - Exterior.
[2023/5/9 - 17:34:30] Jayceon Santos editó la DoorID 9 - nombre a Prisión de Los Santos.
[2023/5/9 - 17:34:43] Jayceon Santos ha editado la DoorID 9 - Color.
[2023/5/9 - 17:34:57] Jayceon Santos ha editado la DoorID 9 - PickupModel.
[2023/5/9 - 17:35:44] Jayceon Santos ha editado la DoorID 9 - Exterior.
[2023/5/9 - 17:37:26] Jayceon Santos ha editado la DoorID 9 - Exterior.
[2023/5/9 - 17:37:34] Jayceon Santos ha editado la DoorID 9 - Exterior.
[2023/5/9 - 17:37:43] Jayceon Santos ha editado la DoorID 9 - Exterior.
[2023/5/9 - 17:37:49] Jayceon Santos ha editado la DoorID 9 - Exterior.
