[2013/7/16 - 13:15:32] AdmCmdExe: Jeff Walker ha dado un arma [ID Arma: 38] a Jeff Walker.
[2013/7/24 - 11:10:16] AdmCmdExe: Jeff Walker ha dado un arma [ID Arma: 24] a Jeff Walker.
[2014/4/1 - 21:34:40] AdmCmdExe: Guido Gardelli ha dado un arma [ID Arma: 25] a Guido Gardelli.
[2023/5/2 - 0:15:46] AdmCmdExe: Jayceon Santos ha dado un arma [ID Arma: 24] a Jayceon Santos.
[2023/5/2 - 0:15:57] AdmCmdExe: Jayceon Santos ha dado un arma [ID Arma: 24] a Jayceon Santos.
[2023/5/2 - 16:4:19] AdmCmdExe: Jayceon Santos ha dado un arma [ID Arma: 24] a Jayceon Santos.
[2023/5/2 - 16:4:28] AdmCmdExe: Jayceon Santos ha dado un arma [ID Arma: 26] a Jayceon Santos.
[2023/5/2 - 16:4:32] AdmCmdExe: Jayceon Santos ha dado un arma [ID Arma: 25] a Jayceon Santos.
[2023/5/2 - 16:47:2] AdmCmdExe: Jayceon Santos ha dado un arma [ID Arma: 31] a Jayceon Santos.
[2023/5/3 - 0:6:39] AdmCmdExe: Devon Santos ha dado un arma [ID Arma: 18] a Devon Santos.
[2023/5/3 - 0:6:54] AdmCmdExe: Devon Santos ha dado un arma [ID Arma: 18] a Jayceon Santos.
[2023/5/3 - 0:7:29] AdmCmdExe: Devon Santos ha dado un arma [ID Arma: 16] a Jayceon Santos.
[2023/5/4 - 16:23:10] AdmCmdExe: Jayceon Santos ha dado un arma [ID Arma: 39] a Jayceon Santos.
[2023/5/4 - 16:23:14] AdmCmdExe: Jayceon Santos ha dado un arma [ID Arma: 40] a Jayceon Santos.
[2023/5/5 - 19:35:58] AdmCmdExe: Jayceon Santos ha dado un arma [ID Arma: 31] a Jayceon Santos.
[2023/5/9 - 17:40:53] AdmCmdExe: Jayceon Santos ha dado un arma [ID Arma: 25] a Jayceon Santos.
[2023/5/9 - 23:51:23] AdmCmdExe: Devon Santos ha dado un arma [ID Arma: 54] a Jayceon Santos.
[2023/5/9 - 23:51:26] AdmCmdExe: Devon Santos ha dado un arma [ID Arma: 54] a Devon Santos.
[2023/5/9 - 23:51:29] AdmCmdExe: Devon Santos ha dado un arma [ID Arma: 24] a Devon Santos.
[2023/5/9 - 23:51:34] AdmCmdExe: Devon Santos ha dado un arma [ID Arma: 24] a Devon Santos.
[2023/5/9 - 23:52:1] AdmCmdExe: Devon Santos ha dado un arma [ID Arma: 28] a Devon Santos.
[2023/5/9 - 23:52:28] AdmCmdExe: Devon Santos ha dado un arma [ID Arma: 31] a Devon Santos.
[2023/5/9 - 23:52:51] AdmCmdExe: Devon Santos ha dado un arma [ID Arma: 38] a Devon Santos.
[2023/5/9 - 23:54:45] AdmCmdExe: Jayceon Santos ha dado un arma [ID Arma: 37] a Jayceon Santos.
[2023/5/9 - 23:56:32] AdmCmdExe: Devon Santos ha dado un arma [ID Arma: 42] a Devon Santos.
[2023/5/9 - 23:57:52] AdmCmdExe: Jayceon Santos ha dado un arma [ID Arma: 4] a Jayceon Santos.
[2023/5/10 - 0:1:14] AdmCmdExe: Jayceon Santos ha dado un arma [ID Arma: 18] a Jayceon Santos.
[2023/5/10 - 1:38:44] AdmCmdExe: Jayceon Santos ha dado un arma [ID Arma: 24] a Jayceon Santos.
