Wed Apr 25 22:06:19 PDT 2012 watchdog script starting.
Wed Apr 25 22:06:19 PDT 2012 Server exited, restarting...
Wed Apr 25 22:06:19 PDT 2012 Server exited, restarting...
Wed Apr 25 22:06:19 PDT 2012 Server exited, restarting...

Started server on 208.115.198.89:7777, with maxplayers: 210 lanmode is OFF.

Wed Apr 25 22:06:19 PDT 2012 Server exited, restarting...

Started server on 208.115.198.89:7777, with maxplayers: 210 lanmode is OFF.

Wed Apr 25 22:06:19 PDT 2012 Server exited, restarting...
Wed Apr 25 22:06:19 PDT 2012 Server exited, restarting...
Wed Apr 25 22:06:19 PDT 2012 Server exited, restarting...
Wed Apr 25 22:06:19 PDT 2012 Server exited, restarting...

Started server on 208.115.198.89:7777, with maxplayers: 210 lanmode is OFF.

Wed Apr 25 22:06:19 PDT 2012 Server exited, restarting...
Wed Apr 25 22:06:19 PDT 2012 Server exited, restarting...
Wed Apr 25 22:06:19 PDT 2012 Server exited, restarting...

Started server on 208.115.198.89:7777, with maxplayers: 210 lanmode is OFF.

Wed Apr 25 22:06:19 PDT 2012 Server exited, restarting...

Started server on 208.115.198.89:7777, with maxplayers: 210 lanmode is OFF.

Wed Apr 25 22:06:19 PDT 2012 Server exited, restarting...

Started server on 208.115.198.89:7777, with maxplayers: 210 lanmode is OFF.

Wed Apr 25 22:06:19 PDT 2012 Server exited, restarting...

Started server on 208.115.198.89:7777, with maxplayers: 210 lanmode is OFF.

Sat May  5 10:29:38 PDT 2012 watchdog script starting.
Sat May  5 10:29:38 PDT 2012 Server exited, restarting...
